<?xml version="1.0" encoding="UTF-8"?>
<!-- Generated by org.testng.reporters.JUnitReportReporter -->
<testsuite hostname="USHYDLTATAVART2" failures="0" tests="2" name="com.qa.hubspot.pages.Testngclass" time="0.442" errors="0" timestamp="18 Feb 2021 16:49:17 GMT">
  <testcase classname="com.qa.hubspot.pages.Testngclass" name="testCase2" time="0.004"/>
  <testcase classname="com.qa.hubspot.pages.Testngclass" name="testCase1" time="0.438"/>
</testsuite> <!-- com.qa.hubspot.pages.Testngclass -->
